<?xml version="1.0" encoding="UTF-8"?>
<testng-results ignored="0" total="1" passed="1" failed="0" skipped="0">
  <reporter-output>
  </reporter-output>
  <suite started-at="2025-09-28T15:44:04 IST" name="Default suite" finished-at="2025-09-28T15:44:10 IST" duration-ms="6230">
    <groups>
      <group name="cucumber">
        <method signature="AbstractTestNGCucumberTests.runScenario(io.cucumber.testng.PickleWrapper,io.cucumber.testng.FeatureWrapper)[pri:0, instance:Execution.RunnerClassTest@131ef10]" name="runScenario" class="io.cucumber.testng.AbstractTestNGCucumberTests"/>
      </group> <!-- cucumber -->
    </groups>
    <test started-at="2025-09-28T15:44:04 IST" name="Default test" finished-at="2025-09-28T15:44:10 IST" duration-ms="6230">
      <class name="Execution.RunnerClassTest">
        <test-method is-config="true" signature="setUpClass(org.testng.ITestContext)[pri:0, instance:Execution.RunnerClassTest@131ef10]" started-at="2025-09-28T15:44:04 IST" name="setUpClass" finished-at="2025-09-28T15:44:04 IST" duration-ms="181" status="PASS">
          <params>
            <param index="0">
              <value>
                <![CDATA[org.testng.TestRunner@6a638c79]]>
              </value>
            </param>
          </params>
          <reporter-output>
          </reporter-output>
        </test-method> <!-- setUpClass -->
        <test-method signature="runScenario(io.cucumber.testng.PickleWrapper,io.cucumber.testng.FeatureWrapper)[pri:0, instance:Execution.RunnerClassTest@131ef10]" started-at="2025-09-28T15:44:04 IST" name="runScenario" description="Runs Cucumber Scenarios" data-provider="scenarios" finished-at="2025-09-28T15:44:10 IST" duration-ms="6004" status="PASS">
          <params>
            <param index="0">
              <value>
                <![CDATA[":When user logs in with valid credentials user should be redirected to Home page."]]>
              </value>
            </param>
            <param index="1">
              <value>
                <![CDATA["Login feature"]]>
              </value>
            </param>
          </params>
          <reporter-output>
          </reporter-output>
        </test-method> <!-- runScenario -->
        <test-method is-config="true" signature="tearDownClass()[pri:0, instance:Execution.RunnerClassTest@131ef10]" started-at="2025-09-28T15:44:10 IST" name="tearDownClass" finished-at="2025-09-28T15:44:10 IST" duration-ms="2" status="PASS">
          <reporter-output>
          </reporter-output>
        </test-method> <!-- tearDownClass -->
      </class> <!-- Execution.RunnerClassTest -->
    </test> <!-- Default test -->
  </suite> <!-- Default suite -->
</testng-results>
